2013/08/17 02:42:52 [error] [exception.CException] exception 'CException' with message 'Property "GreetingController.message" is not defined.' in /var/www/yii/framework/base/CComponent.php:130
Stack trace:
#0 /var/www/teste_yii/protected/views/greeting/index.php(8): CComponent->__get('message')
#1 /var/www/yii/framework/web/CBaseController.php(126): require('/var/www/teste_...')
#2 /var/www/yii/framework/web/CBaseController.php(95): CBaseController->renderInternal('/var/www/teste_...', NULL, true)
#3 /var/www/yii/framework/web/CController.php(869): CBaseController->renderFile('/var/www/teste_...', NULL, true)
#4 /var/www/yii/framework/web/CController.php(782): CController->renderPartial('index', NULL, true)
#5 /var/www/teste_yii/protected/controllers/GreetingController.php(9): CController->render('index')
#6 /var/www/yii/framework/web/actions/CInlineAction.php(49): GreetingController->actionIndex()
#7 /var/www/yii/framework/web/CController.php(308): CInlineAction->runWithParams(Array)
#8 /var/www/yii/framework/web/CController.php(286): CController->runAction(Object(CInlineAction))
#9 /var/www/yii/framework/web/CController.php(265): CController->runActionWithFilters(Object(CInlineAction), Array)
#10 /var/www/yii/framework/web/CWebApplication.php(282): CController->run('')
#11 /var/www/yii/framework/web/CWebApplication.php(141): CWebApplication->runController('greeting')
#12 /var/www/yii/framework/base/CApplication.php(169): CWebApplication->processRequest()
#13 /var/www/teste_yii/index.php(13): CApplication->run()
#14 {main}
REQUEST_URI=/teste_yii/index.php?r=greeting
HTTP_REFERER=http://localhost/teste_yii/index.php?r=gii/controller
---
2013/08/17 02:49:05 [error] [exception.CDbException] exception 'CDbException' with message 'CDbConnection failed to open the DB connection: could not find driver' in /var/www/yii/framework/db/CDbConnection.php:381
Stack trace:
#0 /var/www/yii/framework/db/CDbConnection.php(330): CDbConnection->open()
#1 /var/www/yii/framework/db/CDbConnection.php(308): CDbConnection->setActive(true)
#2 /var/www/yii/framework/base/CModule.php(387): CDbConnection->init()
#3 /var/www/yii/framework/base/CModule.php(103): CModule->getComponent('db')
#4 /var/www/yii/framework/gii/generators/crud/CrudCode.php(44): CModule->__get('db')
#5 /var/www/yii/framework/web/CFormModel.php(39): CrudCode->init()
#6 /var/www/yii/framework/gii/CCodeGenerator.php(153): CFormModel->__construct()
#7 /var/www/yii/framework/gii/CCodeGenerator.php(63): CCodeGenerator->prepare()
#8 /var/www/yii/framework/web/actions/CInlineAction.php(49): CCodeGenerator->actionIndex()
#9 /var/www/yii/framework/web/CController.php(308): CInlineAction->runWithParams(Array)
#10 /var/www/yii/framework/web/CController.php(286): CController->runAction(Object(CInlineAction))
#11 /var/www/yii/framework/web/CController.php(265): CController->runActionWithFilters(Object(CInlineAction), Array)
#12 /var/www/yii/framework/web/CWebApplication.php(282): CController->run('')
#13 /var/www/yii/framework/web/CWebApplication.php(141): CWebApplication->runController('gii/crud')
#14 /var/www/yii/framework/base/CApplication.php(169): CWebApplication->processRequest()
#15 /var/www/teste_yii/index.php(13): CApplication->run()
#16 {main}
REQUEST_URI=/teste_yii/index.php?r=gii/crud
HTTP_REFERER=http://localhost/teste_yii/index.php?r=gii/controller
---
